# JRE version: OpenJDK Runtime Environment Microsoft-7208460 (11.0.18+10) (build 11.0.18+10-LTS)
# Java VM: OpenJDK 64-Bit Server VM Microsoft-7208460 (11.0.18+10-LTS, mixed mode, tiered, compressed oops, g1 gc, windows-amd64)
Heap:
 garbage-first heap   total 165888K, used 92012K [0x0000000080000000, 0x0000000100000000)
  region size 1024K, 13 young (13312K), 3 survivors (3072K)
 Metaspace       used 84138K, capacity 86558K, committed 86736K, reserved 591872K
  class space    used 10910K, capacity 11873K, committed 11904K, reserved 516096K
GC Heap History (20 events):
Event: 55.713 GC heap before
{Heap before GC invocations=42 (full 0):
 garbage-first heap   total 95232K, used 73802K [0x0000000080000000, 0x0000000100000000)
  region size 1024K, 22 young (22528K), 2 survivors (2048K)
 Metaspace       used 70696K, capacity 72774K, committed 72912K, reserved 579584K
  class space    used 9235K, capacity 10088K, committed 10112K, reserved 516096K
}
Event: 55.725 GC heap after
{Heap after GC invocations=43 (full 0):
 garbage-first heap   total 114688K, used 57274K [0x0000000080000000, 0x0000000100000000)
  region size 1024K, 3 young (3072K), 3 survivors (3072K)
 Metaspace       used 70696K, capacity 72774K, committed 72912K, reserved 579584K
  class space    used 9235K, capacity 10088K, committed 10112K, reserved 516096K
}
Event: 56.059 GC heap before
{Heap before GC invocations=44 (full 0):
 garbage-first heap   total 114688K, used 65466K [0x0000000080000000, 0x0000000100000000)
  region size 1024K, 11 young (11264K), 3 survivors (3072K)
 Metaspace       used 70807K, capacity 72900K, committed 73040K, reserved 579584K
  class space    used 9246K, capacity 10129K, committed 10240K, reserved 516096K
}
Event: 56.074 GC heap after
{Heap after GC invocations=45 (full 0):
 garbage-first heap   total 114688K, used 61023K [0x0000000080000000, 0x0000000100000000)
  region size 1024K, 4 young (4096K), 4 survivors (4096K)
 Metaspace       used 70807K, capacity 72900K, committed 73040K, reserved 579584K
  class space    used 9246K, capacity 10129K, committed 10240K, reserved 516096K
}
Event: 56.700 GC heap before
{Heap before GC invocations=46 (full 0):
 garbage-first heap   total 114688K, used 82527K [0x0000000080000000, 0x0000000100000000)
  region size 1024K, 25 young (25600K), 4 survivors (4096K)
 Metaspace       used 73057K, capacity 75251K, committed 75344K, reserved 581632K
  class space    used 9539K, capacity 10420K, committed 10496K, reserved 516096K
}
Event: 56.712 GC heap after
{Heap after GC invocations=47 (full 0):
 garbage-first heap   total 114688K, used 64688K [0x0000000080000000, 0x0000000100000000)
  region size 1024K, 3 young (3072K), 3 survivors (3072K)
 Metaspace       used 73057K, capacity 75251K, committed 75344K, reserved 581632K
  class space    used 9539K, capacity 10420K, committed 10496K, reserved 516096K
}
Event: 56.767 GC heap before
{Heap before GC invocations=47 (full 0):
 garbage-first heap   total 114688K, used 66736K [0x0000000080000000, 0x0000000100000000)
  region size 1024K, 5 young (5120K), 3 survivors (3072K)
 Metaspace       used 73315K, capacity 75478K, committed 75600K, reserved 581632K
  class space    used 9571K, capacity 10453K, committed 10496K, reserved 516096K
}
Event: 56.774 GC heap after
{Heap after GC invocations=48 (full 0):
 garbage-first heap   total 114688K, used 64434K [0x0000000080000000, 0x0000000100000000)
  region size 1024K, 1 young (1024K), 1 survivors (1024K)
 Metaspace       used 73315K, capacity 75478K, committed 75600K, reserved 581632K
  class space    used 9571K, capacity 10453K, committed 10496K, reserved 516096K
}
Event: 57.492 GC heap before
{Heap before GC invocations=48 (full 0):
 garbage-first heap   total 114688K, used 87986K [0x0000000080000000, 0x0000000100000000)
  region size 1024K, 21 young (21504K), 1 survivors (1024K)
 Metaspace       used 75725K, capacity 77999K, committed 78288K, reserved 583680K
  class space    used 9840K, capacity 10778K, committed 10880K, reserved 516096K
}
Event: 57.499 GC heap after
{Heap after GC invocations=49 (full 0):
 garbage-first heap   total 138240K, used 69506K [0x0000000080000000, 0x0000000100000000)
  region size 1024K, 3 young (3072K), 3 survivors (3072K)
 Metaspace       used 75725K, capacity 77999K, committed 78288K, reserved 583680K
  class space    used 9840K, capacity 10778K, committed 10880K, reserved 516096K
}
Event: 58.209 GC heap before
{Heap before GC invocations=50 (full 0):
 garbage-first heap   total 138240K, used 102274K [0x0000000080000000, 0x0000000100000000)
  region size 1024K, 31 young (31744K), 3 survivors (3072K)
 Metaspace       used 78895K, capacity 81222K, committed 81360K, reserved 587776K
  class space    used 10185K, capacity 11104K, committed 11136K, reserved 516096K
}
Event: 58.221 GC heap after
{Heap after GC invocations=51 (full 0):
 garbage-first heap   total 138240K, used 78701K [0x0000000080000000, 0x0000000100000000)
  region size 1024K, 4 young (4096K), 4 survivors (4096K)
 Metaspace       used 78895K, capacity 81222K, committed 81360K, reserved 587776K
  class space    used 10185K, capacity 11104K, committed 11136K, reserved 516096K
}
Event: 59.025 GC heap before
{Heap before GC invocations=51 (full 0):
 garbage-first heap   total 138240K, used 105325K [0x0000000080000000, 0x0000000100000000)
  region size 1024K, 28 young (28672K), 4 survivors (4096K)
 Metaspace       used 80906K, capacity 83173K, committed 83408K, reserved 589824K
  class space    used 10445K, capacity 11365K, committed 11392K, reserved 516096K
}
Event: 59.036 GC heap after
{Heap after GC invocations=52 (full 0):
 garbage-first heap   total 138240K, used 76650K [0x0000000080000000, 0x0000000100000000)
  region size 1024K, 2 young (2048K), 2 survivors (2048K)
 Metaspace       used 80906K, capacity 83173K, committed 83408K, reserved 589824K
  class space    used 10445K, capacity 11365K, committed 11392K, reserved 516096K
}
Event: 59.751 GC heap before
{Heap before GC invocations=52 (full 0):
 garbage-first heap   total 138240K, used 105322K [0x0000000080000000, 0x0000000100000000)
  region size 1024K, 29 young (29696K), 2 survivors (2048K)
 Metaspace       used 83053K, capacity 85349K, committed 85456K, reserved 591872K
  class space    used 10721K, capacity 11635K, committed 11648K, reserved 516096K
}
Event: 59.758 GC heap after
{Heap after GC invocations=53 (full 0):
 garbage-first heap   total 138240K, used 77879K [0x0000000080000000, 0x0000000100000000)
  region size 1024K, 4 young (4096K), 4 survivors (4096K)
 Metaspace       used 83053K, capacity 85349K, committed 85456K, reserved 591872K
  class space    used 10721K, capacity 11635K, committed 11648K, reserved 516096K
}
Event: 60.112 GC heap before
{Heap before GC invocations=53 (full 0):
 garbage-first heap   total 138240K, used 105527K [0x0000000080000000, 0x0000000100000000)
  region size 1024K, 31 young (31744K), 4 survivors (4096K)
 Metaspace       used 83630K, capacity 86000K, committed 86224K, reserved 591872K
  class space    used 10837K, capacity 11787K, committed 11904K, reserved 516096K
}
Event: 60.123 GC heap after
{Heap after GC invocations=54 (full 0):
 garbage-first heap   total 138240K, used 80309K [0x0000000080000000, 0x0000000100000000)
  region size 1024K, 4 young (4096K), 4 survivors (4096K)
 Metaspace       used 83630K, capacity 86000K, committed 86224K, reserved 591872K
  class space    used 10837K, capacity 11787K, committed 11904K, reserved 516096K
}
Event: 60.962 GC heap before
{Heap before GC invocations=54 (full 0):
 garbage-first heap   total 138240K, used 107957K [0x0000000080000000, 0x0000000100000000)
  region size 1024K, 31 young (31744K), 4 survivors (4096K)
 Metaspace       used 83814K, capacity 86123K, committed 86224K, reserved 591872K
  class space    used 10860K, capacity 11828K, committed 11904K, reserved 516096K
}
Event: 60.974 GC heap after
{Heap after GC invocations=55 (full 0):
 garbage-first heap   total 165888K, used 82796K [0x0000000080000000, 0x0000000100000000)
  region size 1024K, 3 young (3072K), 3 survivors (3072K)
 Metaspace       used 83814K, capacity 86123K, committed 86224K, reserved 591872K
  class space    used 10860K, capacity 11828K, committed 11904K, reserved 516096K
}

